dataset:
  dataset_name: qm9
  num_outputs: 1
  init:
    _target_: qm9.QM9DataModule
    data_augmentation: false
    name: qm9
    target: 2
    data_dir: ./data
    batch_size_train: 64
    batch_size_inference: 128
    num_workers: 4
    splits:
    - 0.72
    - 0.08
    - 0.1
    - 0.1
    seed: 0
    subset_size: null
trainer:
  method: semi-supervised-ensemble
  train:
    total_epochs: 250
    validation_interval: 10
  init:
    _target_: trainer.SemiSupervisedEnsemble
    supervised_criterion:
      _target_: torch.nn.MSELoss
    optimizer:
      _target_: torch.optim.AdamW
      _partial_: true
      lr: 0.001
      weight_decay: 0.005
    scheduler:
      _target_: torch.optim.lr_scheduler.StepLR
      _partial_: true
      step_size: 1
      gamma: 0.975
logger:
  _target_: logger.WandBLogger
  group: ${dataset.dataset_name}
  name: ${model.name}_seed=${seed}
  job_type: test
  entity: victorwinther-technical-university-of-denmark-
  project_name: semi-supervised-learning-for-drug-discovery
  disable: false
  local_dir: ./logs
model:
  name: dimenetpp
  init:
    _target_: models.DimeNetPPModel
    _partial_: false
    num_node_features: 11
    hidden_channels: 128
    out_channels: 1
    num_blocks: 4
    int_emb_size: 64
    basis_emb_size: 8
    out_emb_channels: 64
    num_spherical: 7
    num_radial: 6
    cutoff: 5.0
    max_num_neighbors: 32
    num_before_skip: 1
    num_after_skip: 2
    num_output_layers: 3
    act: swish
    output_initializer: zeros
    pretrained: true
seed: 0
device: unset
force_deterministic: false
debug_mode: false
result_dir: ./results
compile_model: false

QM9 dataset loaded with 10466 labeled, 94198 unlabeled, 13083 validation, and 13084 test samples.
Batch sizes: labeled=64, unlabeled=64
